c:\users\ger-m\source\repos\projectenet - copia - copia\debug\vc142.pdb
c:\users\ger-m\source\repos\projectenet - copia - copia\debug\vc142.idb
c:\users\ger-m\source\repos\projectenet - copia - copia\debug\vaixell.obj
c:\users\ger-m\source\repos\projectenet - copia - copia\debug\partida.obj
c:\users\ger-m\source\repos\projectenet - copia - copia\debug\pantalla.obj
c:\users\ger-m\source\repos\projectenet - copia - copia\debug\main.obj
c:\users\ger-m\source\repos\projectenet - copia - copia\debug\video.obj
c:\users\ger-m\source\repos\projectenet - copia - copia\debug\stb_vorbis.obj
c:\users\ger-m\source\repos\projectenet - copia - copia\debug\sprites.obj
c:\users\ger-m\source\repos\projectenet - copia - copia\debug\sound.obj
c:\users\ger-m\source\repos\projectenet - copia - copia\debug\mouse.obj
c:\users\ger-m\source\repos\projectenet - copia - copia\debug\keyboard.obj
c:\users\ger-m\source\repos\projectenet - copia - copia\debug\image_png.obj
c:\users\ger-m\source\repos\projectenet - copia - copia\debug\debug.obj
c:\users\ger-m\source\repos\projectenet - copia - copia\debug\jugador.obj
c:\users\ger-m\source\repos\projectenet - copia - copia\debug\joc.obj
c:\users\ger-m\source\repos\projectenet - copia - copia\program\batallanaval.exe
c:\users\ger-m\source\repos\projectenet - copia - copia\program\batallanaval.ilk
c:\users\ger-m\source\repos\projectenet - copia - copia\program\batallanaval.pdb
c:\users\ger-m\source\repos\projectenet - copia - copia\\program\batallanaval.pdb
c:\users\ger-m\source\repos\projectenet - copia - copia\\program\batallanaval.exe
c:\users\ger-m\source\repos\projectenet - copia - copia\\program\batallanaval.ilk
c:\users\ger-m\source\repos\projectenet - copia - copia\debug\batallanaval.tlog\cl.command.1.tlog
c:\users\ger-m\source\repos\projectenet - copia - copia\debug\batallanaval.tlog\cl.read.1.tlog
c:\users\ger-m\source\repos\projectenet - copia - copia\debug\batallanaval.tlog\cl.write.1.tlog
c:\users\ger-m\source\repos\projectenet - copia - copia\debug\batallanaval.tlog\link.command.1.tlog
c:\users\ger-m\source\repos\projectenet - copia - copia\debug\batallanaval.tlog\link.read.1.tlog
c:\users\ger-m\source\repos\projectenet - copia - copia\debug\batallanaval.tlog\link.write.1.tlog
